PRT1
33
60
4 2 4 (4096 2000 1024 ) (4096 1808 1024 ) (4096 1808 1280 ) (4096 2000 1280 ) 
4 3 5 (4096 1680 1024 ) (4096 1040 1024 ) (4096 1040 1152 ) (4096 1680 1152 ) 
4 6 16 (3072 0 -208 ) (3072 0 760 ) (3072 260 760 ) (3072 260 -208 ) 
4 6 8 (3072 0 416 ) (3072 0 -208 ) (3584 0 -208 ) (3584 0 416 ) 
4 6 7 (3072 0 760 ) (3072 0 416 ) (3584 0 416 ) (3584 0 760 ) 
4 7 16 (3072 -580 760 ) (3072 0 760 ) (3072 0 416 ) (3072 -580 416 ) 
4 7 8 (3584 0 416 ) (3584 -580 416 ) (3072 -580 416 ) (3072 0 416 ) 
4 8 16 (3072 -1024 -208 ) (3072 -1024 416 ) (3072 -580 416 ) (3072 -580 -208 ) 
4 8 16 (3072 -580 416 ) (3072 0 416 ) (3072 0 -208 ) (3072 -580 -208 ) 
4 8 9 (3072 -1024 416 ) (3072 -1024 -208 ) (3584 -1024 -208 ) (3584 -1024 416 ) 
4 9 21 (3072 -1504 416 ) (3072 -1024 416 ) (3072 -1024 -208 ) (3072 -1504 -208 ) 
4 10 16 (1024 2048 416 ) (1024 2048 -208 ) (1720 2048 -208 ) (1720 2048 416 ) 
4 10 12 (1024 2048 -208 ) (1024 2048 416 ) (1024 2432 416 ) (1024 2432 -208 ) 
4 11 16 (368 2048 760 ) (0 2048 760 ) (0 2048 416 ) (368 2048 416 ) 
4 11 13 (0 2048 416 ) (0 2048 760 ) (0 2432 760 ) (0 2432 416 ) 
4 11 12 (0 2048 416 ) (0 2432 416 ) (368 2432 416 ) (368 2048 416 ) 
4 12 16 (1024 2048 -208 ) (1024 2048 416 ) (368 2048 416 ) (368 2048 -208 ) 
4 12 16 (368 2048 416 ) (0 2048 416 ) (0 2048 -208 ) (368 2048 -208 ) 
4 12 13 (0 2048 -208 ) (0 2048 416 ) (0 2432 416 ) (0 2432 -208 ) 
4 13 16 (0 2048 -208 ) (0 2048 760 ) (-1024 2048 760 ) (-1024 2048 -208 ) 
4 13 15 (-1024 2048 -208 ) (-1024 2048 416 ) (-1024 2432 416 ) (-1024 2432 -208 ) 
4 13 14 (-1024 2048 416 ) (-1024 2048 760 ) (-1024 2432 760 ) (-1024 2432 416 ) 
4 14 16 (-1024 2048 416 ) (-1024 2048 760 ) (-1240 2048 760 ) (-1240 2048 416 ) 
4 14 15 (-1024 2048 416 ) (-1240 2048 416 ) (-1240 2432 416 ) (-1024 2432 416 ) 
4 15 17 (-1024 2048 -208 ) (-1024 2048 416 ) (-1632 2048 416 ) (-1632 2048 -208 ) 
4 16 21 (3072 -1024 -208 ) (3072 -1024 416 ) (2560 -1024 416 ) (2560 -1024 -208 ) 
4 16 17 (-1024 2048 416 ) (-1024 2048 -208 ) (-1024 1024 -208 ) (-1024 1024 416 ) 
4 16 17 (-1240 2048 416 ) (-1024 2048 416 ) (-1024 1024 416 ) (-1240 1024 416 ) 
4 16 18 (-1632 512 -208 ) (-1632 0 -208 ) (-1632 0 416 ) (-1632 512 416 ) 
4 16 20 (-2048 -580 -208 ) (-2048 -580 416 ) (-2048 0 416 ) (-2048 0 -208 ) 
4 16 28 (-1632 -1024 416 ) (-2048 -1024 416 ) (-2048 -1024 -208 ) (-1632 -1024 -208 ) 
4 16 20 (-2048 -1024 -208 ) (-2048 -1024 416 ) (-2048 -580 416 ) (-2048 -580 -208 ) 
4 16 22 (2560 -2048 416 ) (2048 -2048 416 ) (2048 -2048 -208 ) (2560 -2048 -208 ) 
4 16 25 (1976 -3072 760 ) (1024 -3072 760 ) (1024 -3072 416 ) (1976 -3072 416 ) 
4 16 26 (2048 -3072 -208 ) (2048 -3072 416 ) (1024 -3072 416 ) (1024 -3072 -208 ) 
4 16 27 (1024 -3072 -208 ) (1024 -3072 760 ) (368 -3072 760 ) (368 -3072 -208 ) 
4 16 23 (368 -2086 -208 ) (368 -3072 -208 ) (368 -3072 760 ) (368 -2086 760 ) 
4 16 23 (0 -2086 -208 ) (368 -2086 -208 ) (368 -2086 416 ) (0 -2086 416 ) 
4 16 28 (-1632 -1024 416 ) (-1632 -1024 -208 ) (-1632 -1052 -208 ) (-1632 -1052 416 ) 
4 16 29 (-1024 -2086 -208 ) (0 -2086 -208 ) (0 -2086 416 ) (-1024 -2086 416 ) 
4 16 30 (-1632 -2086 -208 ) (-1240 -2086 -208 ) (-1240 -2086 416 ) (-1632 -2086 416 ) 
4 16 30 (-1240 -2086 416 ) (-1240 -2086 -208 ) (-1240 -2688 -208 ) (-1240 -2688 416 ) 
4 17 16 (-1024 1024 -208 ) (-1024 1024 416 ) (-1632 1024 416 ) (-1632 1024 -208 ) 
4 18 19 (-2048 0 -208 ) (-2048 0 416 ) (-2048 512 416 ) (-2048 512 -208 ) 
4 18 16 (-2048 0 416 ) (-2048 0 -208 ) (-1632 0 -208 ) (-1632 0 416 ) 
4 19 20 (-2048 0 -208 ) (-2048 0 416 ) (-2848 0 416 ) (-2848 0 -208 ) 
4 20 31 (-2048 -1024 -208 ) (-2048 -1024 416 ) (-2848 -1024 416 ) (-2848 -1024 -208 ) 
4 21 16 (2560 -1024 -208 ) (2560 -1504 -208 ) (2560 -1504 416 ) (2560 -1024 416 ) 
4 22 24 (2560 -3072 416 ) (2048 -3072 416 ) (2048 -3072 -208 ) (2560 -3072 -208 ) 
4 22 16 (2048 -3072 -208 ) (2048 -3072 416 ) (2048 -2048 416 ) (2048 -2048 -208 ) 
4 23 29 (0 -3072 -208 ) (0 -3072 760 ) (0 -2086 760 ) (0 -2086 -208 ) 
4 23 27 (368 -3072 760 ) (0 -3072 760 ) (0 -3072 -208 ) (368 -3072 -208 ) 
4 24 26 (2048 -3072 416 ) (2048 -3072 -208 ) (2048 -3592 -208 ) (2048 -3592 416 ) 
4 25 27 (1024 -3072 760 ) (1024 -3072 416 ) (1024 -3592 416 ) (1024 -3592 760 ) 
4 25 26 (1976 -3592 416 ) (1024 -3592 416 ) (1024 -3072 416 ) (1976 -3072 416 ) 
4 26 27 (1024 -3072 416 ) (1024 -3072 -208 ) (1024 -3592 -208 ) (1024 -3592 416 ) 
4 27 32 (0 -3592 -208 ) (0 -3592 760 ) (0 -3072 760 ) (0 -3072 -208 ) 
4 28 31 (-2048 -1024 416 ) (-2048 -1024 -208 ) (-2048 -1052 -208 ) (-2048 -1052 416 ) 
4 29 32 (0 -3072 -208 ) (0 -3072 760 ) (-1024 -3072 760 ) (-1024 -3072 -208 ) 
4 29 16 (-1024 -2086 -208 ) (-1024 -2688 -208 ) (-1024 -2688 760 ) (-1024 -2086 760 ) 
