PRT1
55
119
4 1 7 (0 768 384 ) (0 1024 384 ) (0 1024 128 ) (0 768 128 ) 
4 1 4 (0 768 128 ) (0 1024 128 ) (384 1024 128 ) (384 768 128 ) 
4 1 3 (0 768 128 ) (128 768 128 ) (128 768 384 ) (0 768 384 ) 
4 2 31 (256 0 384 ) (128 0 384 ) (128 0 128 ) (256 0 128 ) 
4 2 6 (256 0 128 ) (128 0 128 ) (128 256 128 ) (256 256 128 ) 
4 2 3 (128 256 128 ) (128 0 128 ) (128 0 384 ) (128 256 384 ) 
4 3 31 (128 0 384 ) (0 0 384 ) (0 0 128 ) (128 0 128 ) 
4 3 8 (0 256 384 ) (0 768 384 ) (0 768 128 ) (0 256 128 ) 
4 3 9 (0 0 128 ) (0 0 384 ) (0 256 384 ) (0 256 128 ) 
4 3 6 (128 0 128 ) (0 0 128 ) (0 256 128 ) (128 256 128 ) 
4 3 5 (0 272 128 ) (0 768 128 ) (128 768 128 ) (128 272 128 ) 
4 4 10 (0 768 128 ) (0 1024 128 ) (0 1024 0 ) (0 768 0 ) 
4 4 5 (0 768 0 ) (128 768 0 ) (128 768 128 ) (0 768 128 ) 
4 5 11 (0 272 128 ) (0 768 128 ) (0 768 0 ) (0 272 0 ) 
4 6 33 (256 0 128 ) (0 0 128 ) (0 0 0 ) (256 0 0 ) 
4 6 13 (0 0 0 ) (0 0 128 ) (0 256 128 ) (0 256 0 ) 
4 7 10 (-512 1024 128 ) (0 1024 128 ) (0 768 128 ) (-512 768 128 ) 
4 7 8 (-256 768 128 ) (0 768 128 ) (0 768 384 ) (-256 768 384 ) 
4 8 11 (0 768 128 ) (0 272 128 ) (-256 272 128 ) (-256 768 128 ) 
4 8 9 (-256 256 128 ) (0 256 128 ) (0 256 384 ) (-256 256 384 ) 
4 9 38 (0 0 128 ) (0 0 384 ) (-384 0 384 ) (-384 0 128 ) 
4 9 13 (0 256 128 ) (0 0 128 ) (-384 0 128 ) (-384 256 128 ) 
4 10 11 (-256 768 0 ) (0 768 0 ) (0 768 128 ) (-256 768 128 ) 
4 11 12 (-96 272 0 ) (-32 272 0 ) (-32 272 96 ) (-96 272 96 ) 
4 12 13 (-96 256 0 ) (-32 256 0 ) (-32 256 96 ) (-96 256 96 ) 
4 13 46 (-192 0 128 ) (-384 0 128 ) (-384 0 0 ) (-192 0 0 ) 
4 13 40 (0 0 0 ) (0 0 128 ) (-128 0 128 ) (-128 0 0 ) 
4 13 41 (-128 0 128 ) (-192 0 128 ) (-192 0 0 ) (-128 0 0 ) 
4 15 29 (1024 0 384 ) (1024 0 128 ) (1024 -528 128 ) (1024 -528 384 ) 
4 15 17 (1024 -512 128 ) (1024 0 128 ) (1536 0 128 ) (1536 -512 128 ) 
4 15 16 (1024 -528 128 ) (1536 -528 128 ) (1536 -528 384 ) (1024 -528 384 ) 
4 16 29 (1024 -528 128 ) (1024 -1024 128 ) (1024 -1024 384 ) (1024 -528 384 ) 
4 16 25 (1792 -1024 384 ) (1024 -1024 384 ) (1024 -1024 128 ) (1792 -1024 128 ) 
4 16 23 (1552 -912 128 ) (1792 -912 128 ) (1792 -1024 128 ) (1552 -1024 128 ) 
4 16 24 (1024 -1024 128 ) (1024 -912 128 ) (1536 -912 128 ) (1536 -1024 128 ) 
4 16 21 (1552 -896 128 ) (1792 -896 128 ) (1792 -912 128 ) (1552 -912 128 ) 
4 16 20 (1024 -896 128 ) (1024 -528 128 ) (1536 -528 128 ) (1536 -896 128 ) 
4 16 19 (1552 -528 128 ) (1792 -528 128 ) (1792 -896 128 ) (1552 -896 128 ) 
4 17 32 (1024 0 128 ) (1024 0 0 ) (1024 -512 0 ) (1024 -512 128 ) 
4 17 18 (1088 -512 0 ) (1344 -512 0 ) (1344 -512 96 ) (1088 -512 96 ) 
4 18 20 (1088 -528 0 ) (1344 -528 0 ) (1344 -528 96 ) (1088 -528 96 ) 
4 19 21 (1552 -896 0 ) (1792 -896 0 ) (1792 -896 128 ) (1552 -896 128 ) 
4 20 35 (1024 -528 0 ) (1024 -896 0 ) (1024 -896 128 ) (1024 -528 128 ) 
4 20 22 (1088 -896 0 ) (1344 -896 0 ) (1344 -896 96 ) (1088 -896 96 ) 
4 21 23 (1552 -912 0 ) (1792 -912 0 ) (1792 -912 128 ) (1552 -912 128 ) 
4 22 24 (1088 -912 0 ) (1344 -912 0 ) (1344 -912 96 ) (1088 -912 96 ) 
4 23 26 (1792 -1024 128 ) (1552 -1024 128 ) (1552 -1024 0 ) (1792 -1024 0 ) 
4 24 37 (1024 -912 0 ) (1024 -1024 0 ) (1024 -1024 128 ) (1024 -912 128 ) 
4 24 28 (1536 -1024 128 ) (1024 -1024 128 ) (1024 -1024 0 ) (1536 -1024 0 ) 
4 25 51 (1024 -1280 128 ) (1024 -1280 384 ) (1024 -1024 384 ) (1024 -1024 128 ) 
4 25 28 (1536 -1280 128 ) (1024 -1280 128 ) (1024 -1024 128 ) (1536 -1024 128 ) 
4 25 26 (1792 -1280 128 ) (1552 -1280 128 ) (1552 -1024 128 ) (1792 -1024 128 ) 
4 26 27 (1552 -1056 0 ) (1552 -1120 0 ) (1552 -1120 96 ) (1552 -1056 96 ) 
4 27 28 (1536 -1056 0 ) (1536 -1120 0 ) (1536 -1120 96 ) (1536 -1056 96 ) 
4 28 51 (1024 -1280 0 ) (1024 -1280 128 ) (1024 -1024 128 ) (1024 -1024 0 ) 
4 29 51 (1024 -1024 128 ) (1024 -1024 384 ) (896 -1024 384 ) (896 -1024 128 ) 
4 29 37 (1024 -1024 128 ) (896 -1024 128 ) (896 -912 128 ) (1024 -912 128 ) 
4 29 35 (896 -896 128 ) (896 -528 128 ) (1024 -528 128 ) (1024 -896 128 ) 
4 29 32 (896 -512 128 ) (896 0 128 ) (1024 0 128 ) (1024 -512 128 ) 
4 29 30 (896 -528 128 ) (896 -1024 128 ) (896 -1024 384 ) (896 -528 384 ) 
4 30 51 (896 -1024 384 ) (256 -1024 384 ) (256 -1024 128 ) (896 -1024 128 ) 
4 30 37 (896 -1024 128 ) (256 -1024 128 ) (256 -912 128 ) (896 -912 128 ) 
4 30 35 (256 -896 128 ) (256 -528 128 ) (896 -528 128 ) (896 -896 128 ) 
4 30 31 (256 -528 128 ) (256 -1024 128 ) (256 -1024 384 ) (256 -528 384 ) 
4 31 51 (256 -1024 384 ) (0 -1024 384 ) (0 -1024 128 ) (256 -1024 128 ) 
4 31 39 (0 -512 128 ) (0 -1024 128 ) (0 -1024 384 ) (0 -512 384 ) 
4 31 38 (0 0 384 ) (0 0 128 ) (0 -512 128 ) (0 -512 384 ) 
4 31 37 (256 -1024 128 ) (0 -1024 128 ) (0 -912 128 ) (256 -912 128 ) 
4 31 35 (0 -896 128 ) (0 -528 128 ) (256 -528 128 ) (256 -896 128 ) 
4 31 33 (0 -512 128 ) (0 0 128 ) (256 0 128 ) (256 -512 128 ) 
4 33 42 (0 -512 96 ) (0 -512 128 ) (0 -256 128 ) (0 -256 96 ) 
4 33 45 (0 -256 0 ) (0 -512 0 ) (0 -512 96 ) (0 -256 96 ) 
4 33 40 (0 0 128 ) (0 0 0 ) (0 -128 0 ) (0 -128 128 ) 
4 33 34 (0 -512 0 ) (64 -512 0 ) (64 -512 96 ) (0 -512 96 ) 
4 34 45 (0 -512 0 ) (0 -528 0 ) (0 -528 96 ) (0 -512 96 ) 
4 34 35 (0 -528 0 ) (64 -528 0 ) (64 -528 96 ) (0 -528 96 ) 
4 35 43 (0 -896 96 ) (0 -896 128 ) (0 -528 128 ) (0 -528 96 ) 
4 35 45 (0 -528 0 ) (0 -896 0 ) (0 -896 96 ) (0 -528 96 ) 
4 35 36 (0 -896 0 ) (64 -896 0 ) (64 -896 96 ) (0 -896 96 ) 
4 36 45 (0 -896 0 ) (0 -912 0 ) (0 -912 96 ) (0 -896 96 ) 
4 36 37 (0 -912 0 ) (64 -912 0 ) (64 -912 96 ) (0 -912 96 ) 
4 37 51 (1024 -1024 0 ) (1024 -1024 128 ) (0 -1024 128 ) (0 -1024 0 ) 
4 37 44 (0 -1024 96 ) (0 -1024 128 ) (0 -912 128 ) (0 -912 96 ) 
4 37 45 (0 -912 0 ) (0 -1024 0 ) (0 -1024 96 ) (0 -912 96 ) 
4 38 46 (-384 0 128 ) (-192 0 128 ) (-192 -512 128 ) (-384 -512 128 ) 
4 38 42 (0 -256 128 ) (0 -512 128 ) (-192 -512 128 ) (-192 -256 128 ) 
4 38 40 (-128 0 128 ) (0 0 128 ) (0 -128 128 ) (-128 -128 128 ) 
4 38 41 (-192 0 128 ) (-128 0 128 ) (-128 -256 128 ) (-192 -256 128 ) 
4 38 39 (-384 -512 128 ) (0 -512 128 ) (0 -512 384 ) (-384 -512 384 ) 
4 39 53 (-384 -1024 384 ) (-400 -1024 384 ) (-400 -1024 128 ) (-384 -1024 128 ) 
4 39 52 (0 -1024 128 ) (0 -1024 384 ) (-384 -1024 384 ) (-384 -1024 128 ) 
4 39 54 (-400 -1024 384 ) (-640 -1024 384 ) (-640 -1024 128 ) (-400 -1024 128 ) 
4 39 50 (-400 -1024 128 ) (-640 -1024 128 ) (-640 -512 128 ) (-400 -512 128 ) 
4 39 47 (-384 -896 128 ) (-384 -528 128 ) (-192 -528 128 ) (-192 -896 128 ) 
4 39 48 (-192 -1024 128 ) (-384 -1024 128 ) (-384 -912 128 ) (-192 -912 128 ) 
4 39 43 (-192 -896 128 ) (-192 -528 128 ) (0 -528 128 ) (0 -896 128 ) 
4 39 44 (0 -1024 128 ) (-192 -1024 128 ) (-192 -912 128 ) (0 -912 128 ) 
4 40 41 (-128 0 0 ) (-128 -128 0 ) (-128 -128 128 ) (-128 0 128 ) 
4 41 46 (-192 0 0 ) (-192 -256 0 ) (-192 -256 128 ) (-192 0 128 ) 
4 41 42 (-192 -256 128 ) (-192 -256 96 ) (-128 -256 96 ) (-128 -256 128 ) 
4 41 45 (-192 -256 96 ) (-192 -256 0 ) (-128 -256 0 ) (-128 -256 96 ) 
4 42 46 (-192 -512 128 ) (-192 -256 128 ) (-192 -256 96 ) (-192 -512 96 ) 
4 42 45 (-192 -512 96 ) (-192 -256 96 ) (0 -256 96 ) (0 -512 96 ) 
4 43 47 (-192 -896 128 ) (-192 -528 128 ) (-192 -528 96 ) (-192 -896 96 ) 
4 43 45 (-192 -896 96 ) (-192 -528 96 ) (0 -528 96 ) (0 -896 96 ) 
4 44 52 (0 -1024 96 ) (0 -1024 128 ) (-192 -1024 128 ) (-192 -1024 96 ) 
4 44 48 (-192 -1024 96 ) (-192 -1024 128 ) (-192 -912 128 ) (-192 -912 96 ) 
4 44 45 (-192 -1024 96 ) (-192 -912 96 ) (0 -912 96 ) (0 -1024 96 ) 
4 45 52 (0 -1024 0 ) (0 -1024 96 ) (-192 -1024 96 ) (-192 -1024 0 ) 
4 45 47 (-192 -528 0 ) (-192 -896 0 ) (-192 -896 96 ) (-192 -528 96 ) 
4 45 48 (-192 -912 0 ) (-192 -1024 0 ) (-192 -1024 96 ) (-192 -912 96 ) 
4 45 46 (-192 -256 0 ) (-192 -512 0 ) (-192 -512 96 ) (-192 -256 96 ) 
4 47 49 (-384 -672 0 ) (-384 -736 0 ) (-384 -736 96 ) (-384 -672 96 ) 
4 48 52 (-192 -1024 128 ) (-384 -1024 128 ) (-384 -1024 0 ) (-192 -1024 0 ) 
4 49 50 (-400 -672 0 ) (-400 -736 0 ) (-400 -736 96 ) (-400 -672 96 ) 
4 50 54 (-400 -1024 128 ) (-640 -1024 128 ) (-640 -1024 0 ) (-400 -1024 0 ) 
4 51 52 (0 -1024 384 ) (0 -1024 0 ) (0 -1280 0 ) (0 -1280 384 ) 
4 52 53 (-384 -1280 128 ) (-384 -1280 384 ) (-384 -1024 384 ) (-384 -1024 128 ) 
4 53 54 (-400 -1280 128 ) (-400 -1280 384 ) (-400 -1024 384 ) (-400 -1024 128 ) 
