PRT1
62
141
4 1 7 (0 768 384 ) (0 1024 384 ) (0 1024 128 ) (0 768 128 ) 
4 1 4 (0 768 128 ) (0 1024 128 ) (384 1024 128 ) (384 768 128 ) 
4 1 3 (0 768 128 ) (128 768 128 ) (128 768 384 ) (0 768 384 ) 
4 2 36 (256 0 384 ) (128 0 384 ) (128 0 128 ) (256 0 128 ) 
4 2 6 (256 0 128 ) (128 0 128 ) (128 256 128 ) (256 256 128 ) 
4 2 3 (128 256 128 ) (128 0 128 ) (128 0 384 ) (128 256 384 ) 
4 3 36 (128 0 384 ) (0 0 384 ) (0 0 128 ) (128 0 128 ) 
4 3 8 (0 256 384 ) (0 768 384 ) (0 768 128 ) (0 256 128 ) 
4 3 9 (0 0 128 ) (0 0 384 ) (0 256 384 ) (0 256 128 ) 
4 3 6 (128 0 128 ) (0 0 128 ) (0 256 128 ) (128 256 128 ) 
4 3 5 (0 272 128 ) (0 768 128 ) (128 768 128 ) (128 272 128 ) 
4 4 10 (0 768 128 ) (0 1024 128 ) (0 1024 0 ) (0 768 0 ) 
4 4 5 (0 768 0 ) (128 768 0 ) (128 768 128 ) (0 768 128 ) 
4 5 11 (0 272 128 ) (0 768 128 ) (0 768 0 ) (0 272 0 ) 
4 6 38 (256 0 128 ) (0 0 128 ) (0 0 0 ) (256 0 0 ) 
4 6 13 (0 0 0 ) (0 0 128 ) (0 256 128 ) (0 256 0 ) 
4 7 10 (-512 1024 128 ) (0 1024 128 ) (0 768 128 ) (-512 768 128 ) 
4 7 8 (-256 768 128 ) (0 768 128 ) (0 768 384 ) (-256 768 384 ) 
4 8 11 (0 768 128 ) (0 272 128 ) (-256 272 128 ) (-256 768 128 ) 
4 8 9 (-256 256 128 ) (0 256 128 ) (0 256 384 ) (-256 256 384 ) 
4 9 43 (0 0 128 ) (0 0 384 ) (-384 0 384 ) (-384 0 128 ) 
4 9 13 (0 256 128 ) (0 0 128 ) (-384 0 128 ) (-384 256 128 ) 
4 10 11 (-256 768 0 ) (0 768 0 ) (0 768 128 ) (-256 768 128 ) 
4 11 12 (-96 272 0 ) (-32 272 0 ) (-32 272 96 ) (-96 272 96 ) 
4 12 13 (-96 256 0 ) (-32 256 0 ) (-32 256 96 ) (-96 256 96 ) 
4 13 51 (-192 0 128 ) (-384 0 128 ) (-384 0 0 ) (-192 0 0 ) 
4 13 45 (0 0 0 ) (0 0 128 ) (-128 0 128 ) (-128 0 0 ) 
4 13 46 (-128 0 128 ) (-192 0 128 ) (-192 0 0 ) (-128 0 0 ) 
4 15 34 (1024 0 384 ) (1024 0 128 ) (1024 -528 128 ) (1024 -528 384 ) 
4 15 17 (1024 -512 128 ) (1024 0 128 ) (1536 0 128 ) (1536 -512 128 ) 
4 15 16 (1024 -528 128 ) (1536 -528 128 ) (1536 -528 384 ) (1024 -528 384 ) 
4 16 34 (1024 -528 128 ) (1024 -1024 128 ) (1024 -1024 384 ) (1024 -528 384 ) 
4 16 30 (1024 -1024 192 ) (1024 -1024 128 ) (1280 -1024 128 ) (1280 -1024 192 ) 
4 16 29 (1280 -1024 128 ) (1536 -1024 128 ) (1536 -1024 192 ) (1280 -1024 192 ) 
4 16 28 (1536 -1024 384 ) (1024 -1024 384 ) (1024 -1024 192 ) (1536 -1024 192 ) 
4 16 25 (1792 -1024 384 ) (1536 -1024 384 ) (1536 -1024 128 ) (1792 -1024 128 ) 
4 16 23 (1552 -912 128 ) (1792 -912 128 ) (1792 -1024 128 ) (1552 -1024 128 ) 
4 16 24 (1024 -1024 128 ) (1024 -912 128 ) (1536 -912 128 ) (1536 -1024 128 ) 
4 16 21 (1552 -896 128 ) (1792 -896 128 ) (1792 -912 128 ) (1552 -912 128 ) 
4 16 20 (1024 -896 128 ) (1024 -528 128 ) (1536 -528 128 ) (1536 -896 128 ) 
4 16 19 (1552 -528 128 ) (1792 -528 128 ) (1792 -896 128 ) (1552 -896 128 ) 
4 17 37 (1024 0 128 ) (1024 0 0 ) (1024 -512 0 ) (1024 -512 128 ) 
4 17 18 (1088 -512 0 ) (1344 -512 0 ) (1344 -512 96 ) (1088 -512 96 ) 
4 18 20 (1088 -528 0 ) (1344 -528 0 ) (1344 -528 96 ) (1088 -528 96 ) 
4 19 21 (1552 -896 0 ) (1792 -896 0 ) (1792 -896 128 ) (1552 -896 128 ) 
4 20 40 (1024 -528 0 ) (1024 -896 0 ) (1024 -896 128 ) (1024 -528 128 ) 
4 20 22 (1088 -896 0 ) (1344 -896 0 ) (1344 -896 96 ) (1088 -896 96 ) 
4 21 23 (1552 -912 0 ) (1792 -912 0 ) (1792 -912 128 ) (1552 -912 128 ) 
4 22 24 (1088 -912 0 ) (1344 -912 0 ) (1344 -912 96 ) (1088 -912 96 ) 
4 23 26 (1792 -1024 128 ) (1552 -1024 128 ) (1552 -1024 0 ) (1792 -1024 0 ) 
4 24 42 (1024 -912 0 ) (1024 -1024 0 ) (1024 -1024 128 ) (1024 -912 128 ) 
4 24 30 (1280 -1024 128 ) (1024 -1024 128 ) (1024 -1024 0 ) (1280 -1024 0 ) 
4 24 29 (1536 -1024 128 ) (1280 -1024 128 ) (1280 -1024 0 ) (1536 -1024 0 ) 
4 25 29 (1536 -1024 192 ) (1536 -1024 128 ) (1536 -1280 128 ) (1536 -1280 192 ) 
4 25 28 (1536 -1280 384 ) (1536 -1024 384 ) (1536 -1024 192 ) (1536 -1280 192 ) 
4 25 26 (1552 -1024 128 ) (1792 -1024 128 ) (1792 -1280 128 ) (1552 -1280 128 ) 
4 26 27 (1552 -1056 0 ) (1552 -1120 0 ) (1552 -1120 96 ) (1552 -1056 96 ) 
4 27 29 (1536 -1056 96 ) (1536 -1056 0 ) (1536 -1120 0 ) (1536 -1120 96 ) 
4 28 56 (1024 -1664 192 ) (1024 -1664 384 ) (1024 -1024 384 ) (1024 -1024 192 ) 
4 28 32 (1024 -1472 192 ) (1024 -1408 192 ) (1280 -1408 192 ) (1280 -1472 192 ) 
4 28 30 (1024 -1408 192 ) (1024 -1024 192 ) (1280 -1024 192 ) (1280 -1408 192 ) 
4 28 33 (1280 -1664 192 ) (1024 -1664 192 ) (1024 -1472 192 ) (1280 -1472 192 ) 
4 28 29 (1280 -1280 192 ) (1280 -1024 192 ) (1536 -1024 192 ) (1536 -1280 192 ) 
4 29 30 (1280 -1024 0 ) (1280 -1280 0 ) (1280 -1280 192 ) (1280 -1024 192 ) 
4 30 57 (1024 -1024 128 ) (1024 -1024 0 ) (1024 -1280 0 ) (1024 -1280 128 ) 
4 30 56 (1024 -1408 192 ) (1024 -1024 192 ) (1024 -1024 128 ) (1024 -1408 128 ) 
3 30 32 (1280 -1408 192 ) (1024 -1408 192 ) (1024 -1408 128 ) 
4 30 31 (1024 -1408 0 ) (1280 -1408 0 ) (1280 -1408 176 ) (1024 -1408 112 ) 
4 31 33 (1024 -1472 0 ) (1280 -1472 0 ) (1280 -1472 176 ) (1024 -1472 112 ) 
4 32 56 (1024 -1472 192 ) (1024 -1408 192 ) (1024 -1408 128 ) (1024 -1472 128 ) 
3 32 33 (1280 -1472 192 ) (1024 -1472 192 ) (1024 -1472 128 ) 
4 33 56 (1024 -1664 128 ) (1024 -1664 192 ) (1024 -1472 192 ) (1024 -1472 128 ) 
4 34 56 (1024 -1024 128 ) (1024 -1024 384 ) (896 -1024 384 ) (896 -1024 128 ) 
4 34 42 (1024 -1024 128 ) (896 -1024 128 ) (896 -912 128 ) (1024 -912 128 ) 
4 34 40 (896 -896 128 ) (896 -528 128 ) (1024 -528 128 ) (1024 -896 128 ) 
4 34 37 (896 -512 128 ) (896 0 128 ) (1024 0 128 ) (1024 -512 128 ) 
4 34 35 (896 -528 128 ) (896 -1024 128 ) (896 -1024 384 ) (896 -528 384 ) 
4 35 56 (896 -1024 384 ) (256 -1024 384 ) (256 -1024 128 ) (896 -1024 128 ) 
4 35 42 (896 -1024 128 ) (256 -1024 128 ) (256 -912 128 ) (896 -912 128 ) 
4 35 40 (256 -896 128 ) (256 -528 128 ) (896 -528 128 ) (896 -896 128 ) 
4 35 36 (256 -528 128 ) (256 -1024 128 ) (256 -1024 384 ) (256 -528 384 ) 
4 36 56 (256 -1024 384 ) (0 -1024 384 ) (0 -1024 128 ) (256 -1024 128 ) 
4 36 44 (0 -512 128 ) (0 -1024 128 ) (0 -1024 384 ) (0 -512 384 ) 
4 36 43 (0 0 384 ) (0 0 128 ) (0 -512 128 ) (0 -512 384 ) 
4 36 42 (256 -1024 128 ) (0 -1024 128 ) (0 -912 128 ) (256 -912 128 ) 
4 36 40 (0 -896 128 ) (0 -528 128 ) (256 -528 128 ) (256 -896 128 ) 
4 36 38 (0 -512 128 ) (0 0 128 ) (256 0 128 ) (256 -512 128 ) 
4 38 47 (0 -512 96 ) (0 -512 128 ) (0 -256 128 ) (0 -256 96 ) 
4 38 50 (0 -256 0 ) (0 -512 0 ) (0 -512 96 ) (0 -256 96 ) 
4 38 45 (0 0 128 ) (0 0 0 ) (0 -128 0 ) (0 -128 128 ) 
4 38 39 (0 -512 0 ) (64 -512 0 ) (64 -512 96 ) (0 -512 96 ) 
4 39 50 (0 -512 0 ) (0 -528 0 ) (0 -528 96 ) (0 -512 96 ) 
4 39 40 (0 -528 0 ) (64 -528 0 ) (64 -528 96 ) (0 -528 96 ) 
4 40 48 (0 -896 96 ) (0 -896 128 ) (0 -528 128 ) (0 -528 96 ) 
4 40 50 (0 -528 0 ) (0 -896 0 ) (0 -896 96 ) (0 -528 96 ) 
4 40 41 (0 -896 0 ) (64 -896 0 ) (64 -896 96 ) (0 -896 96 ) 
4 41 50 (0 -896 0 ) (0 -912 0 ) (0 -912 96 ) (0 -896 96 ) 
4 41 42 (0 -912 0 ) (64 -912 0 ) (64 -912 96 ) (0 -912 96 ) 
4 42 58 (128.059006 -1024 128 ) (0 -1024 128 ) (0 -1024 0 ) (128.059006 -1024 0 ) 
4 42 57 (1024 -1024 0 ) (1024 -1024 128 ) (128.059006 -1024 128 ) (128.059006 -1024 0 ) 
4 42 49 (0 -1024 96 ) (0 -1024 128 ) (0 -912 128 ) (0 -912 96 ) 
4 42 50 (0 -912 0 ) (0 -1024 0 ) (0 -1024 96 ) (0 -912 96 ) 
4 43 51 (-384 0 128 ) (-192 0 128 ) (-192 -512 128 ) (-384 -512 128 ) 
4 43 47 (0 -256 128 ) (0 -512 128 ) (-192 -512 128 ) (-192 -256 128 ) 
4 43 45 (-128 0 128 ) (0 0 128 ) (0 -128 128 ) (-128 -128 128 ) 
4 43 46 (-192 0 128 ) (-128 0 128 ) (-128 -256 128 ) (-192 -256 128 ) 
4 43 44 (-384 -512 128 ) (0 -512 128 ) (0 -512 384 ) (-384 -512 384 ) 
4 44 60 (-384 -1024 384 ) (-400 -1024 384 ) (-400 -1024 128 ) (-384 -1024 128 ) 
4 44 59 (0 -1024 128 ) (0 -1024 384 ) (-384 -1024 384 ) (-384 -1024 128 ) 
4 44 61 (-400 -1024 384 ) (-640 -1024 384 ) (-640 -1024 128 ) (-400 -1024 128 ) 
4 44 55 (-400 -1024 128 ) (-640 -1024 128 ) (-640 -512 128 ) (-400 -512 128 ) 
4 44 52 (-384 -896 128 ) (-384 -528 128 ) (-192 -528 128 ) (-192 -896 128 ) 
4 44 53 (-192 -1024 128 ) (-384 -1024 128 ) (-384 -912 128 ) (-192 -912 128 ) 
4 44 48 (-192 -896 128 ) (-192 -528 128 ) (0 -528 128 ) (0 -896 128 ) 
4 44 49 (0 -1024 128 ) (-192 -1024 128 ) (-192 -912 128 ) (0 -912 128 ) 
4 45 46 (-128 0 0 ) (-128 -128 0 ) (-128 -128 128 ) (-128 0 128 ) 
4 46 51 (-192 0 0 ) (-192 -256 0 ) (-192 -256 128 ) (-192 0 128 ) 
4 46 47 (-192 -256 128 ) (-192 -256 96 ) (-128 -256 96 ) (-128 -256 128 ) 
4 46 50 (-192 -256 96 ) (-192 -256 0 ) (-128 -256 0 ) (-128 -256 96 ) 
4 47 51 (-192 -512 128 ) (-192 -256 128 ) (-192 -256 96 ) (-192 -512 96 ) 
4 47 50 (-192 -512 96 ) (-192 -256 96 ) (0 -256 96 ) (0 -512 96 ) 
4 48 52 (-192 -896 128 ) (-192 -528 128 ) (-192 -528 96 ) (-192 -896 96 ) 
4 48 50 (-192 -896 96 ) (-192 -528 96 ) (0 -528 96 ) (0 -896 96 ) 
4 49 59 (0 -1024 96 ) (0 -1024 128 ) (-192 -1024 128 ) (-192 -1024 96 ) 
4 49 53 (-192 -1024 96 ) (-192 -1024 128 ) (-192 -912 128 ) (-192 -912 96 ) 
4 49 50 (-192 -1024 96 ) (-192 -912 96 ) (0 -912 96 ) (0 -1024 96 ) 
4 50 59 (0 -1024 0 ) (0 -1024 96 ) (-192 -1024 96 ) (-192 -1024 0 ) 
4 50 52 (-192 -528 0 ) (-192 -896 0 ) (-192 -896 96 ) (-192 -528 96 ) 
4 50 53 (-192 -912 0 ) (-192 -1024 0 ) (-192 -1024 96 ) (-192 -912 96 ) 
4 50 51 (-192 -256 0 ) (-192 -512 0 ) (-192 -512 96 ) (-192 -256 96 ) 
4 52 54 (-384 -672 0 ) (-384 -736 0 ) (-384 -736 96 ) (-384 -672 96 ) 
4 53 59 (-192 -1024 128 ) (-384 -1024 128 ) (-384 -1024 0 ) (-192 -1024 0 ) 
4 54 55 (-400 -672 0 ) (-400 -736 0 ) (-400 -736 96 ) (-400 -672 96 ) 
4 55 61 (-400 -1024 128 ) (-640 -1024 128 ) (-640 -1024 0 ) (-400 -1024 0 ) 
4 56 59 (0 -1024 384 ) (0 -1024 128 ) (0 -1280 128 ) (0 -1280 384 ) 
4 56 58 (0 -1536 128 ) (0 -1024 128 ) (128.059006 -1024 128 ) (128.059006 -1536 128 ) 
4 56 57 (128.059006 -1024 128 ) (1024 -1024 128 ) (1024 -1280 128 ) (128.059006 -1280 128 ) 
4 57 58 (128.059006 -1024 0 ) (128.059006 -1280 0 ) (128.059006 -1280 128 ) (128.059006 -1024 128 ) 
4 58 59 (0 -1024 128 ) (0 -1024 0 ) (0 -1280 0 ) (0 -1280 128 ) 
4 59 60 (-384 -1280 128 ) (-384 -1280 384 ) (-384 -1024 384 ) (-384 -1024 128 ) 
4 60 61 (-400 -1280 128 ) (-400 -1280 384 ) (-400 -1024 384 ) (-400 -1024 128 ) 
